make all --print-data-base --no-builtin-variables --no-builtin-rules --question
make: *** No rule to make target 'all'.  Stop.
 
# GNU Make 4.2.1
# Built for x86_64-pc-linux-gnu
# Copyright (C) 1988-2016 Free Software Foundation, Inc.
# License GPLv3+: GNU GPL version 3 or later <http://gnu.org/licenses/gpl.html>
# This is free software: you are free to change and redistribute it.
# There is NO WARRANTY, to the extent permitted by law.

# Make data base, printed on Mon Jul  5 16:41:38 2021

# Variables

# automatic
<D = $(patsubst %/,%,$(dir $<))
# automatic
?F = $(notdir $?)
# makefile (from 'Makefile', line 23)
LOADER_BIN = $(BOOT_DIR)/loader.bin
# environment
DESKTOP_SESSION = deepin
# default
.SHELLFLAGS := -c
# makefile (from 'Makefile', line 3)
QEMU = qemu-system-i386
# environment
XDG_SESSION_CLASS = user
# environment
XDG_SESSION_TYPE = x11
# environment
VSCODE_LOG_NATIVE = false
# automatic
?D = $(patsubst %/,%,$(dir $?))
# automatic
@D = $(patsubst %/,%,$(dir $@))
# environment
XAUTHORITY = /home/ryan/.Xauthority
# environment
GDMSESSION = deepin
# environment
XMODIFIERS = @im=fcitx
# makefile
CURDIR := /home/ryan/Desktop/horizon
# makefile
SHELL = /bin/sh
# makefile (from 'Makefile', line 10)
BOOT_DIR = $(ARCH)/boot
# environment
VSCODE_NLS_CONFIG = {"locale":"zh-cn","availableLanguages":{"*":"zh-cn"},"_languagePackId":"c5abe29cf8fb800f96e2a048d51f2dcd.zh-cn","_translationsConfigFile":"/home/ryan/.config/Code/clp/c5abe29cf8fb800f96e2a048d51f2dcd.zh-cn/tcf.json","_cacheRoot":"/home/ryan/.config/Code/clp/c5abe29cf8fb800f96e2a048d51f2dcd.zh-cn","_resolvedLanguagePackCoreLocation":"/home/ryan/.config/Code/clp/c5abe29cf8fb800f96e2a048d51f2dcd.zh-cn/507ce72a4466fbb27b715c3722558bb15afa9f48","_corruptedFile":"/home/ryan/.config/Code/clp/c5abe29cf8fb800f96e2a048d51f2dcd.zh-cn/corrupted.info","_languagePackSupport":true}
# environment
_ = /usr/share/code/code
# makefile (from 'Makefile', line 1)
DD = dd
# makefile (from 'Makefile', line 1)
MAKEFILE_LIST :=  Makefile
# makefile (from 'Makefile', line 14)
LIB_DIR = $(KERNEL_SRC)/lib
# automatic
@F = $(notdir $@)
# environment
GIO_LAUNCHED_DESKTOP_FILE = /usr/share/applications/code.desktop
# 'override' directive
GNUMAKEFLAGS := 
# environment
DBUS_SESSION_BUS_ADDRESS = unix:path=/run/user/1000/bus
# environment
VSCODE_VERBOSE_LOGGING = true
# environment
QT_LOGGING_RULES = *.debug=false
# environment
CLUTTER_IM_MODULE = fcitx
# environment
VSCODE_IPC_HOOK_EXTHOST = /run/user/1000/vscode-ipc-bce79c91-0b03-4e47-b9c8-464cbcdc1ec3.sock
# environment
VSCODE_CWD = /home/ryan
# environment
XDG_SESSION_PATH = /org/freedesktop/DisplayManager/Session0
# default
MAKE_HOST := x86_64-pc-linux-gnu
# environment
PATH = /usr/local/bin:/usr/bin:/bin:/usr/local/games:/usr/games:/sbin:/usr/sbin
# makefile (from 'Makefile', line 17)
LOADER_CNTS = 8
# environment
GPG_AGENT_INFO = /run/user/1000/gnupg/S.gpg-agent:0:1
# environment
XDG_RUNTIME_DIR = /run/user/1000
# makefile (from 'Makefile', line 5)
FD_IMG = ./horizon.img
# makefile (from 'Makefile', line 6)
HD_IMG = ./hd0.img
# environment
VSCODE_LOG_STACK = false
# environment
VSCODE_CRASH_REPORTER_START_OPTIONS = {"companyName":"Microsoft","productName":"VSCode","submitURL":"appcenter://code?aid=fba07a4d-84bd-4fc8-a125-9640fc8ce171&uid=91ccf5b0-632d-4de5-80b8-0bde485b5399&iid=91ccf5b0-632d-4de5-80b8-0bde485b5399&sid=91ccf5b0-632d-4de5-80b8-0bde485b5399","uploadToServer":true}
# default
.FEATURES := target-specific order-only second-expansion else-if shortest-stem undefine oneshell archives jobserver output-sync check-symlink load
# environment
XDG_GREETER_DATA_DIR = /var/lib/lightdm/data/ryan
# environment
LS_COLORS = 
# environment
XDG_SESSION_DESKTOP = deepin
# environment
SSH_AUTH_SOCK = /run/user/1000/keyring/ssh
# environment
GIO_LAUNCHED_DESKTOP_FILE_PID = 19603
# automatic
%F = $(notdir $%)
# environment
DISPLAY = :0
# makefile (from 'Makefile', line 13)
FS_DIR = $(KERNEL_DIR)/fs
# environment
no_proxy = localhost,127.0.0.0/8,::1
# environment
GTK_IM_MODULE = fcitx
# environment
VSCODE_PIPE_LOGGING = true
# environment
PWD = /home/ryan/Desktop/horizon
# makefile (from 'Makefile', line 19)
KERNEL_OFF = 10
# default
.LOADED := 
# environment
XDG_SEAT = seat0
# environment
ORIGINAL_XDG_CURRENT_DESKTOP = Deepin
# environment
VSCODE_AMD_ENTRYPOINT = vs/workbench/services/extensions/node/extensionHostProcess
# environment
HOME = /home/ryan
# environment
XDG_CACHE_HOME = /home/ryan/.cache
# environment
LOGNAME = ryan
# environment
QT_LINUX_ACCESSIBILITY_ALWAYS_ON = 1
# environment
APPLICATION_INSIGHTS_NO_DIAGNOSTIC_CHANNEL = true
# environment
VSCODE_HANDLES_UNCAUGHT_ERRORS = true
# default
MAKE_VERSION := 4.2.1
# environment
GNOME_DESKTOP_SESSION_ID = this-is-deprecated
# automatic
^D = $(patsubst %/,%,$(dir $^))
# environment
XDG_VTNR = 1
# environment
MAKELEVEL := 0
# default
MAKE = $(MAKE_COMMAND)
# default
MAKECMDGOALS := all
# environment
QT_IM_MODULE = fcitx
# environment
SHLVL = 0
# environment
XDG_SESSION_ID = 2
# environment
USER = ryan
# makefile
.DEFAULT_GOAL := cld
# environment
XDG_CURRENT_DESKTOP = Deepin
# makefile (from 'Makefile', line 11)
DRIVER_DIR = $(ARCH)/drivers
# automatic
%D = $(patsubst %/,%,$(dir $%))
# default
MAKE_COMMAND := make
# environment
VSCODE_NODE_CACHED_DATA_DIR = /home/ryan/.config/Code/CachedData/507ce72a4466fbb27b715c3722558bb15afa9f48
# makefile (from 'Makefile', line 22)
BOOT_BIN = $(BOOT_DIR)/boot.bin
# default
.VARIABLES := 
# automatic
*F = $(notdir $*)
# environment
LANGUAGE = zh_CN
# environment
XDG_SEAT_PATH = /org/freedesktop/DisplayManager/Seat0
# environment
VSCODE_IPC_HOOK = /run/user/1000/vscode-736729ae-1.57.1-main.sock
# makefile (from 'Makefile', line 9)
ARCH = $(KERNEL_SRC)/arch/x86
# makefile
MAKEFLAGS = pqrR
# environment
MFLAGS = -pqrR
# automatic
*D = $(patsubst %/,%,$(dir $*))
# environment
BREAKPAD_DUMP_LOCATION = /home/ryan/.config/Code/exthost Crash Reports
# automatic
+D = $(patsubst %/,%,$(dir $+))
# environment
GDK_BACKEND = x11
# makefile (from 'Makefile', line 20)
KERNEL_CNTS = 600
# automatic
+F = $(notdir $+)
# environment
NO_AT_BRIDGE = 1
# environment
QT_DBL_CLICK_DIST = 15
# environment
QT_ACCESSIBILITY = 1
# default
MAKEFILES := 
# automatic
<F = $(notdir $<)
# makefile (from 'Makefile', line 8)
KERNEL_SRC = src
# environment
https_proxy = http://http://localhost:8888
# environment
ELECTRON_RUN_AS_NODE = 1
# makefile (from 'Makefile', line 24)
KERNEL_ELF = $(KERNEL_SRC)/kernel.elf
# environment
XDG_CONFIG_HOME = /home/ryan/.config
# environment
LC_ALL = C
# environment
QT4_IM_MODULE = fcitx
# automatic
^F = $(notdir $^)
# environment
XDG_DATA_HOME = /home/ryan/.local/share
# makefile (from 'Makefile', line 12)
KERNEL_DIR = $(KERNEL_SRC)/kernel
# default
SUFFIXES := 
# environment
CHROME_DESKTOP = code-url-handler.desktop
# default
.INCLUDE_DIRS = /usr/include /usr/local/include /usr/include
# default
.RECIPEPREFIX := 
# makefile (from 'Makefile', line 16)
LOADER_OFF = 2
# environment
http_proxy = http://http://localhost:8888
# environment
LANG = C
# environment
VSCODE_PID = 6018
# variable set hash-table stats:
# Load=120/1024=12%, Rehash=0, Collisions=9/145=6%

# Pattern-specific Variable Values

# No pattern-specific variable values.

# Directories

# . (device 66313, inode 17338506): 12 files, no impossibilities.

# 12 files, no impossibilities in 1 directories.

# Implicit Rules

# No implicit rules.

# Files

qemu:
#  Implicit rule search has not been done.
#  Modification time never checked.
#  File has not been updated.
#  recipe to execute (from 'Makefile', line 57):
	$(QEMU) \
	-monitor stdio \
	-m 1024 \
	-drive file=$(FD_IMG),index=0,if=floppy,format=raw \
	-hda $(HD_IMG) \
	-boot a

 
# Not a target:
all:
#  Command line target.
#  Implicit rule search has been done.
#  File does not exist.
#  File has not been updated.

.PHONY: cld
#  Implicit rule search has not been done.
#  Modification time never checked.
#  File has not been updated.

qemu_dbg:
#  Implicit rule search has not been done.
#  Modification time never checked.
#  File has not been updated.
#  recipe to execute (from 'Makefile', line 48):
	$(QEMU) \
	-s -S \
	-monitor stdio \
	-m 1024 \
	-drive file=$(FD_IMG),index=0,if=floppy,format=raw \
	-hda $(HD_IMG) \
	-boot a
	

# Not a target:
Makefile:
#  Implicit rule search has been done.
#  Last modified 2021-07-05 15:07:03.461687435
#  File has been updated.
#  Successfully updated.

kernel:
#  Implicit rule search has not been done.
#  Modification time never checked.
#  File has not been updated.
#  recipe to execute (from 'Makefile', line 35):
	$(MAKE) -s -C $(BOOT_DIR)
	$(MAKE) -s -C $(KERNEL_SRC)

# Not a target:
.DEFAULT:
#  Implicit rule search has not been done.
#  Modification time never checked.
#  File has not been updated.

run: kernel write qemu
#  Implicit rule search has not been done.
#  Modification time never checked.
#  File has not been updated.

clean:
#  Implicit rule search has not been done.
#  Modification time never checked.
#  File has not been updated.
#  recipe to execute (from 'Makefile', line 39):
	$(MAKE) -s -C $(BOOT_DIR) clean
	$(MAKE) -s -C $(KERNEL_SRC) clean

cld: kernel write
#  Phony target (prerequisite of .PHONY).
#  Implicit rule search has not been done.
#  File does not exist.
#  File has not been updated.

run_dbg: kernel write qemu_dbg
#  Implicit rule search has not been done.
#  Modification time never checked.
#  File has not been updated.

write:
#  Implicit rule search has not been done.
#  Modification time never checked.
#  File has not been updated.
#  recipe to execute (from 'Makefile', line 43):
	$(DD) if=$(BOOT_BIN) of=$(FD_IMG) bs=512 count=1 conv=notrunc
	$(DD) if=$(LOADER_BIN)	of=$(FD_IMG) bs=512 seek=$(LOADER_OFF) count=$(LOADER_CNTS) conv=notrunc
	$(DD) if=$(KERNEL_ELF)	of=$(FD_IMG) bs=512 seek=$(KERNEL_OFF) count=$(KERNEL_CNTS) conv=notrunc

# files hash-table stats:
# Load=13/1024=1%, Rehash=0, Collisions=0/37=0%
# VPATH Search Paths

# No 'vpath' search paths.

# No general ('VPATH' variable) search path.

# strcache buffers: 1 (0) / strings = 26 / storage = 209 B / avg = 8 B
# current buf: size = 8162 B / used = 209 B / count = 26 / avg = 8 B

# strcache performance: lookups = 48 / hit rate = 45%
# hash-table stats:
# Load=26/8192=0%, Rehash=0, Collisions=1/48=2%
# Finished Make data base on Mon Jul  5 16:41:38 2021

 
